<?xml version="1.0" encoding="UTF-8"?>
<!-- Generated by org.testng.reporters.JUnitReportReporter -->
<testsuite hostname="DESKTOP-LJ83OEQ" failures="0" tests="2" name="testcases.Add_to_Cart_TC" time="16.617" errors="0" timestamp="2024-02-02T11:27:21 GMT-06:00" skipped="0">
  <testcase classname="testcases.Add_to_Cart_TC" name="Login" time="3.007"/>
  <testcase classname="testcases.Add_to_Cart_TC" name="Add_to_cart" time="13.610"/>
</testsuite> <!-- testcases.Add_to_Cart_TC -->
