<?xml version="1.0" encoding="UTF-8"?>
<!-- Generated by org.testng.reporters.JUnitReportReporter -->
<testsuite hostname="DESKTOP-LJ83OEQ" failures="0" tests="2" name="testcases.Shipping_Details_TC" time="12.007" errors="0" timestamp="2024-02-08T07:58:16 GMT-06:00" skipped="0">
  <testcase classname="testcases.Shipping_Details_TC" name="preconditions" time="5.760"/>
  <system-out/>
  <testcase classname="testcases.Shipping_Details_TC" name="Checkout" time="6.247"/>
  <system-out/>
</testsuite> <!-- testcases.Shipping_Details_TC -->
