<?xml version="1.0" encoding="UTF-8"?>
<!-- Generated by org.testng.reporters.JUnitReportReporter -->
<testsuite hostname="DESKTOP-LJ83OEQ" failures="0" tests="2" name="testcases.Remove_from_Cart_TC" time="30.046" errors="0" timestamp="2024-02-02T11:39:39 GMT-06:00" skipped="0">
  <testcase classname="testcases.Remove_from_Cart_TC" name="Login" time="3.067"/>
  <testcase classname="testcases.Remove_from_Cart_TC" name="RemoveBtn" time="26.979"/>
</testsuite> <!-- testcases.Remove_from_Cart_TC -->
