<?xml version="1.0" encoding="UTF-8"?>
<!-- Generated by org.testng.reporters.JUnitReportReporter -->
<testsuite hostname="DESKTOP-LJ83OEQ" failures="0" tests="2" name="testcases.CompletePage_TC" time="5.880" errors="0" timestamp="2024-02-08T10:22:28 GMT-06:00" skipped="0">
  <testcase classname="testcases.CompletePage_TC" name="preconditions" time="5.779"/>
  <system-out/>
  <testcase classname="testcases.CompletePage_TC" name="CheckoutValidations" time="0.101"/>
  <system-out/>
</testsuite> <!-- testcases.CompletePage_TC -->
