<?xml version="1.0" encoding="UTF-8"?>
<!-- Generated by org.testng.reporters.JUnitReportReporter -->
<testsuite hostname="DESKTOP-LJ83OEQ" failures="0" tests="1" name="testcases.Filter_TC" time="5.506" errors="0" timestamp="2024-03-02T03:46:40 GMT-06:00" skipped="0">
  <testcase classname="testcases.Filter_TC" name="testSortByPriceLowToHigh" time="5.506"/>
  <system-out/>
</testsuite> <!-- testcases.Filter_TC -->
