<?xml version="1.0" encoding="UTF-8"?>
<!-- Generated by org.testng.reporters.JUnitReportReporter -->
<testsuite hostname="DESKTOP-LJ83OEQ" failures="0" tests="1" name="testcases.Filter_TC" time="8.336" errors="0" timestamp="2024-02-08T04:11:46 GMT-06:00" skipped="0">
  <testcase classname="testcases.Filter_TC" name="testSortByPriceLowToHigh" time="8.336"/>
  <system-out/>
</testsuite> <!-- testcases.Filter_TC -->
