<?xml version="1.0" encoding="UTF-8"?>
<!-- Generated by org.testng.reporters.JUnitReportReporter -->
<testsuite hostname="DESKTOP-LJ83OEQ" failures="0" tests="2" name="testcases.Social_handles_tc" time="11.162" errors="0" timestamp="2024-03-02T04:02:46 GMT-06:00" skipped="0">
  <testcase classname="testcases.Social_handles_tc" name="testSocialMediaIconsPresence" time="2.484"/>
  <system-out/>
  <testcase classname="testcases.Social_handles_tc" name="redirecToSocialPage1" time="8.678"/>
  <system-out/>
</testsuite> <!-- testcases.Social_handles_tc -->
