<?xml version="1.0" encoding="UTF-8"?>
<!-- Generated by org.testng.reporters.JUnitReportReporter -->
<testsuite hostname="DESKTOP-LJ83OEQ" failures="0" tests="2" name="testcases.Remove_from_Cart_TC" time="2.311" errors="0" timestamp="2024-03-02T03:57:09 GMT-06:00" skipped="0">
  <testcase classname="testcases.Remove_from_Cart_TC" name="Login" time="0.800"/>
  <system-out/>
  <testcase classname="testcases.Remove_from_Cart_TC" name="RemoveBtn" time="1.511"/>
  <system-out/>
</testsuite> <!-- testcases.Remove_from_Cart_TC -->
