<?xml version="1.0" encoding="UTF-8"?>
<!-- Generated by org.testng.reporters.JUnitReportReporter -->
<testsuite hostname="DESKTOP-LJ83OEQ" failures="0" tests="2" name="testcases.Billing_Page_TC" time="7.179" errors="0" timestamp="2024-02-08T08:58:29 GMT-06:00" skipped="0">
  <testcase classname="testcases.Billing_Page_TC" name="preconditions" time="7.050"/>
  <system-out/>
  <testcase classname="testcases.Billing_Page_TC" name="Billing" time="0.129"/>
  <system-out/>
</testsuite> <!-- testcases.Billing_Page_TC -->
