<?xml version="1.0" encoding="UTF-8"?>
<!-- Generated by org.testng.reporters.JUnitReportReporter -->
<testsuite hostname="DESKTOP-LJ83OEQ" failures="0" tests="2" name="testcases.Cart_Action_Testcase" time="1.009" errors="0" timestamp="2024-03-02T03:35:05 GMT-06:00" skipped="0">
  <testcase classname="testcases.Cart_Action_Testcase" name="CheckoutBtn" time="0.813"/>
  <system-out/>
  <testcase classname="testcases.Cart_Action_Testcase" name="RemoveBtn" time="0.196"/>
  <system-out/>
</testsuite> <!-- testcases.Cart_Action_Testcase -->
