<?xml version="1.0" encoding="UTF-8"?>
<!-- Generated by org.testng.reporters.JUnitReportReporter -->
<testsuite hostname="DESKTOP-LJ83OEQ" failures="0" tests="4" name="testcases.Product_Testcase" time="28.157" errors="0" timestamp="2024-01-30T03:29:30 GMT-06:00" skipped="0">
  <testcase classname="testcases.Product_Testcase" name="Login" time="2.636"/>
  <testcase classname="testcases.Product_Testcase" name="Product_page" time="0.059"/>
  <testcase classname="testcases.Product_Testcase" name="Product_visibile" time="0.146"/>
  <testcase classname="testcases.Product_Testcase" name="Click_on_product" time="25.316"/>
</testsuite> <!-- testcases.Product_Testcase -->
