<?xml version="1.0" encoding="UTF-8"?>
<!-- Generated by org.testng.reporters.JUnitReportReporter -->
<testsuite hostname="DESKTOP-LJ83OEQ" failures="0" tests="3" name="testcases.Backbtn_tc" time="3.310" errors="0" timestamp="2024-03-02T03:23:32 GMT-06:00" skipped="0">
  <testcase classname="testcases.Backbtn_tc" name="Login" time="0.797"/>
  <system-out/>
  <testcase classname="testcases.Backbtn_tc" name="ProdPageAction" time="2.359"/>
  <system-out/>
  <testcase classname="testcases.Backbtn_tc" name="Verify_Redirect_Link" time="0.154"/>
  <system-out/>
</testsuite> <!-- testcases.Backbtn_tc -->
