<?xml version="1.0" encoding="UTF-8"?>
<!-- Generated by org.testng.reporters.JUnitReportReporter -->
<testsuite hostname="DESKTOP-LJ83OEQ" failures="0" tests="3" name="testcases.Add_to_Cart_TC" time="29.827" errors="0" timestamp="2024-02-21T13:38:55 GMT-06:00" skipped="0">
  <testcase classname="testcases.Add_to_Cart_TC" name="Login" time="2.887"/>
  <system-out/>
  <testcase classname="testcases.Add_to_Cart_TC" name="Add_to_cart" time="13.378"/>
  <system-out/>
  <testcase classname="testcases.Add_to_Cart_TC" name="RemoveBtn" time="13.562"/>
  <system-out/>
</testsuite> <!-- testcases.Add_to_Cart_TC -->
