<?xml version="1.0" encoding="UTF-8"?>
<!-- Generated by org.testng.reporters.JUnitReportReporter -->
<testsuite hostname="DESKTOP-LJ83OEQ" failures="0" tests="4" name="testcases.Product_Testcase" time="2.027" errors="0" timestamp="2024-03-02T03:56:03 GMT-06:00" skipped="0">
  <testcase classname="testcases.Product_Testcase" name="Login" time="0.715"/>
  <system-out/>
  <testcase classname="testcases.Product_Testcase" name="Product_page" time="0.071"/>
  <system-out/>
  <testcase classname="testcases.Product_Testcase" name="Product_visibile" time="0.154"/>
  <system-out/>
  <testcase classname="testcases.Product_Testcase" name="Click_on_product" time="1.087"/>
  <system-out/>
</testsuite> <!-- testcases.Product_Testcase -->
